SKSE64 runtime: initialize (version = 2.0.17 01050610 01D6413C1B54959A, os = 6.2 (9200))
imagebase = 00007FF60F1D0000
reloc mgr imagebase = 00007FF60F1D0000
config path = C:\Games\The Elder Scrolls - Skyrim - Special Edition\Data\SKSE\skse.ini
plugin directory = C:\Games\The Elder Scrolls - Skyrim - Special Edition\Data\SKSE\Plugins\
dispatch message (0) to plugin listeners
no listeners registered
dispatch message (1) to plugin listeners
no listeners registered
init complete
hooked dinput
dispatch message (6) to plugin listeners
no listeners registered
Reading translations from Interface\Translations\SkyUI_SE_ENGLISH.txt...
Reading translations from Interface\Translations\Vivid WeathersSE_ENGLISH.txt...
Reading translations from Interface\Translations\Run For Your Lives_ENGLISH.txt...
Reading translations from Interface\Translations\Open Cities Skyrim_ENGLISH.txt...
dispatch message (8) to plugin listeners
no listeners registered
save name is Autosave3_0E53D2FF_1_416E6472656577_Tamriel_000334_20200613043342_3_1
full save path: C:\Users\andre\OneDrive\Documentos\My Games\Skyrim Special Edition\Saves\\Autosave3_0E53D2FF_1_416E6472656577_Tamriel_000334_20200613043342_3_1.skse
dispatch message (2) to plugin listeners
no listeners registered
loading co-save
Loading plugin list:
	(0 -> 0)	Skyrim.esm
	(1 -> 1)	Update.esm
	(2 -> 2)	Dawnguard.esm
	(3 -> 3)	HearthFires.esm
	(4 -> 4)	Dragonborn.esm
	(5 -> 5)	RSkyrimChildren.esm
	(6 -> 6)	Unofficial Skyrim Special Edition Patch.esp
	(7 -> 7)	SkyUI_SE.esp
	(8 -> 8)	S3DTrees NextGenerationForests.esp
	(9 -> 9)	Landscape Fixes For Grass Mods.esp
	(10 -> 10)	Blowing in the Wind SSE.esp
	(11 -> 11)	SMIM-SE-Merged-All.esp
	(12 -> 12)	Blowing in the Wind - SMIM Merged All Patch SSE.esp
	(13 -> 13)	ELFX - Exteriors.esp
	(14 -> 14)	Blowing in the Wind - ELFX Exteriors Patch SSE.esp
	(15 -> 15)	Vivid WeathersSE.esp
	(16 -> 16)	EnhancedLightsandFX.esp
	(17 -> 17)	Cutting Room Floor.esp
	(18 -> 18)	CollegeOfWinterholdImmersive.esp
	(19 -> 19)	LC_BuildYourNobleHouse.esp
	(20 -> 20)	SkyTEST-RealisticAnimals&Predators.esp
	(21 -> 21)	skyBirds_SSE.esp
	(22 -> 22)	hearthfireextended.esp
	(23 -> 23)	Immersive Encounters.esp
	(24 -> 24)	Run For Your Lives.esp
	(25 -> 25)	Immersive Patrols II.esp
	(1040384 -> 1040384)	CWICRFSEPatch.esp
	(26 -> 26)	Apocalypse - Magic of Skyrim.esp
	(27 -> 27)	Cathedral Weathers.esp
	(28 -> 28)	DIVERSE SKYRIM.esp
	(29 -> 29)	DiverseDragonsCollectionSE.esp
	(30 -> 30)	Guards_Armor_Replacer.esp
	(31 -> 31)	Realistic-Voice.esp
	(32 -> 32)	LrsamwaysExpandedSkyrimWeaponry.esp
	(33 -> 33)	RSChildren.esp
	(34 -> 34)	Vivid Weathers - Extended Rain.esp
	(35 -> 35)	Vivid Weathers SE - Extended Snow.esp
	(36 -> 36)	Immersive Encounters - RS Children Patch.esp
	(37 -> 37)	Alternate Start - Live Another Life.esp
	(38 -> 38)	Relationship Dialogue Overhaul.esp
	(39 -> 39)	RDO - CRF + USSEP Patch.esp
	(40 -> 40)	Open Cities Skyrim.esp
	(41 -> 41)	Immersive Encounters - Open Cities Patch.esp
	(42 -> 42)	Blowing in the Wind - Open Cities Skyrim Patch SSE.esp
	(1040385 -> 1040385)	CWIOpenCitiesSEPatch.esp
	(43 -> 43)	ELFX - Exteriors Open Cities Patch.esp
	(44 -> 44)	ELFXEnhancer.esp
Loading menu open/close event registrations...
Loading key input event registrations...
Loading control input event registrations...
Loading mod callback event registrations...
Loading crosshair ref event registrations...
Loading camera event registrations...
Loading actor action event registrations...
Loading NiNode update event registrations...
Loading SKSEPersistentObjectStorage data...
Loading SKSEDelayFunctorManager data...
dispatch message (3) to plugin listeners
no listeners registered
cleared save path
WidgetLoader.as: setRootPath(a_path = )
WidgetLoader.as: loadWidget(a_widgetID = 0, a_widgetSource = skyui/activeeffects.swf)
save name is Quicksave0_0E53D2FF_1_416E6472656577_Tamriel_000337_20200613043907_3_1
full save path: C:\Users\andre\OneDrive\Documentos\My Games\Skyrim Special Edition\Saves\\Quicksave0_0E53D2FF_1_416E6472656577_Tamriel_000337_20200613043907_3_1.skse
dispatch message (4) to plugin listeners
no listeners registered
creating co-save
Saving plugin list:
	[0]	Skyrim.esm
	[1]	Update.esm
	[2]	Dawnguard.esm
	[3]	HearthFires.esm
	[4]	Dragonborn.esm
	[5]	RSkyrimChildren.esm
	[6]	Unofficial Skyrim Special Edition Patch.esp
	[7]	SkyUI_SE.esp
	[8]	S3DTrees NextGenerationForests.esp
	[9]	Landscape Fixes For Grass Mods.esp
	[10]	Blowing in the Wind SSE.esp
	[11]	SMIM-SE-Merged-All.esp
	[12]	Blowing in the Wind - SMIM Merged All Patch SSE.esp
	[13]	ELFX - Exteriors.esp
	[14]	Blowing in the Wind - ELFX Exteriors Patch SSE.esp
	[15]	Vivid WeathersSE.esp
	[16]	EnhancedLightsandFX.esp
	[17]	Cutting Room Floor.esp
	[18]	CollegeOfWinterholdImmersive.esp
	[19]	LC_BuildYourNobleHouse.esp
	[20]	SkyTEST-RealisticAnimals&Predators.esp
	[21]	skyBirds_SSE.esp
	[22]	hearthfireextended.esp
	[23]	Immersive Encounters.esp
	[24]	Run For Your Lives.esp
	[25]	Immersive Patrols II.esp
	[FE:0]	CWICRFSEPatch.esp
	[26]	Apocalypse - Magic of Skyrim.esp
	[27]	Cathedral Weathers.esp
	[28]	DIVERSE SKYRIM.esp
	[29]	DiverseDragonsCollectionSE.esp
	[30]	Guards_Armor_Replacer.esp
	[31]	Realistic-Voice.esp
	[32]	LrsamwaysExpandedSkyrimWeaponry.esp
	[33]	RSChildren.esp
	[34]	Vivid Weathers - Extended Rain.esp
	[35]	Vivid Weathers SE - Extended Snow.esp
	[36]	Immersive Encounters - RS Children Patch.esp
	[37]	Alternate Start - Live Another Life.esp
	[38]	Relationship Dialogue Overhaul.esp
	[39]	RDO - CRF + USSEP Patch.esp
	[40]	Open Cities Skyrim.esp
	[41]	Immersive Encounters - Open Cities Patch.esp
	[42]	Blowing in the Wind - Open Cities Skyrim Patch SSE.esp
	[FE:1]	CWIOpenCitiesSEPatch.esp
	[43]	ELFX - Exteriors Open Cities Patch.esp
	[44]	ELFXEnhancer.esp
Saving menu open/close event registrations...
Saving key input event registrations...
Saving control input event registrations...
Saving mod callback event registrations...
Saving crosshair ref event registrations...
Saving camera event registrations...
Saving actor action event registrations...
Saving NiNode update event registrations...
Saving SKSEPersistentObjectStorage data...
Saving SKSEDelayFunctorManager data...
cleared save path
save name is Quicksave0_0E53D2FF_1_416E6472656577_Tamriel_000340_20200613044254_3_1
full save path: C:\Users\andre\OneDrive\Documentos\My Games\Skyrim Special Edition\Saves\\Quicksave0_0E53D2FF_1_416E6472656577_Tamriel_000340_20200613044254_3_1.skse
dispatch message (4) to plugin listeners
no listeners registered
creating co-save
Saving plugin list:
	[0]	Skyrim.esm
	[1]	Update.esm
	[2]	Dawnguard.esm
	[3]	HearthFires.esm
	[4]	Dragonborn.esm
	[5]	RSkyrimChildren.esm
	[6]	Unofficial Skyrim Special Edition Patch.esp
	[7]	SkyUI_SE.esp
	[8]	S3DTrees NextGenerationForests.esp
	[9]	Landscape Fixes For Grass Mods.esp
	[10]	Blowing in the Wind SSE.esp
	[11]	SMIM-SE-Merged-All.esp
	[12]	Blowing in the Wind - SMIM Merged All Patch SSE.esp
	[13]	ELFX - Exteriors.esp
	[14]	Blowing in the Wind - ELFX Exteriors Patch SSE.esp
	[15]	Vivid WeathersSE.esp
	[16]	EnhancedLightsandFX.esp
	[17]	Cutting Room Floor.esp
	[18]	CollegeOfWinterholdImmersive.esp
	[19]	LC_BuildYourNobleHouse.esp
	[20]	SkyTEST-RealisticAnimals&Predators.esp
	[21]	skyBirds_SSE.esp
	[22]	hearthfireextended.esp
	[23]	Immersive Encounters.esp
	[24]	Run For Your Lives.esp
	[25]	Immersive Patrols II.esp
	[FE:0]	CWICRFSEPatch.esp
	[26]	Apocalypse - Magic of Skyrim.esp
	[27]	Cathedral Weathers.esp
	[28]	DIVERSE SKYRIM.esp
	[29]	DiverseDragonsCollectionSE.esp
	[30]	Guards_Armor_Replacer.esp
	[31]	Realistic-Voice.esp
	[32]	LrsamwaysExpandedSkyrimWeaponry.esp
	[33]	RSChildren.esp
	[34]	Vivid Weathers - Extended Rain.esp
	[35]	Vivid Weathers SE - Extended Snow.esp
	[36]	Immersive Encounters - RS Children Patch.esp
	[37]	Alternate Start - Live Another Life.esp
	[38]	Relationship Dialogue Overhaul.esp
	[39]	RDO - CRF + USSEP Patch.esp
	[40]	Open Cities Skyrim.esp
	[41]	Immersive Encounters - Open Cities Patch.esp
	[42]	Blowing in the Wind - Open Cities Skyrim Patch SSE.esp
	[FE:1]	CWIOpenCitiesSEPatch.esp
	[43]	ELFX - Exteriors Open Cities Patch.esp
	[44]	ELFXEnhancer.esp
Saving menu open/close event registrations...
Saving key input event registrations...
Saving control input event registrations...
Saving mod callback event registrations...
Saving crosshair ref event registrations...
Saving camera event registrations...
Saving actor action event registrations...
Saving NiNode update event registrations...
Saving SKSEPersistentObjectStorage data...
Saving SKSEDelayFunctorManager data...
cleared save path
save name is Quicksave0_0E53D2FF_1_416E6472656577_Tamriel_000430_20200613053248_3_1
full save path: C:\Users\andre\OneDrive\Documentos\My Games\Skyrim Special Edition\Saves\\Quicksave0_0E53D2FF_1_416E6472656577_Tamriel_000430_20200613053248_3_1.skse
dispatch message (4) to plugin listeners
no listeners registered
creating co-save
Saving plugin list:
	[0]	Skyrim.esm
	[1]	Update.esm
	[2]	Dawnguard.esm
	[3]	HearthFires.esm
	[4]	Dragonborn.esm
	[5]	RSkyrimChildren.esm
	[6]	Unofficial Skyrim Special Edition Patch.esp
	[7]	SkyUI_SE.esp
	[8]	S3DTrees NextGenerationForests.esp
	[9]	Landscape Fixes For Grass Mods.esp
	[10]	Blowing in the Wind SSE.esp
	[11]	SMIM-SE-Merged-All.esp
	[12]	Blowing in the Wind - SMIM Merged All Patch SSE.esp
	[13]	ELFX - Exteriors.esp
	[14]	Blowing in the Wind - ELFX Exteriors Patch SSE.esp
	[15]	Vivid WeathersSE.esp
	[16]	EnhancedLightsandFX.esp
	[17]	Cutting Room Floor.esp
	[18]	CollegeOfWinterholdImmersive.esp
	[19]	LC_BuildYourNobleHouse.esp
	[20]	SkyTEST-RealisticAnimals&Predators.esp
	[21]	skyBirds_SSE.esp
	[22]	hearthfireextended.esp
	[23]	Immersive Encounters.esp
	[24]	Run For Your Lives.esp
	[25]	Immersive Patrols II.esp
	[FE:0]	CWICRFSEPatch.esp
	[26]	Apocalypse - Magic of Skyrim.esp
	[27]	Cathedral Weathers.esp
	[28]	DIVERSE SKYRIM.esp
	[29]	DiverseDragonsCollectionSE.esp
	[30]	Guards_Armor_Replacer.esp
	[31]	Realistic-Voice.esp
	[32]	LrsamwaysExpandedSkyrimWeaponry.esp
	[33]	RSChildren.esp
	[34]	Vivid Weathers - Extended Rain.esp
	[35]	Vivid Weathers SE - Extended Snow.esp
	[36]	Immersive Encounters - RS Children Patch.esp
	[37]	Alternate Start - Live Another Life.esp
	[38]	Relationship Dialogue Overhaul.esp
	[39]	RDO - CRF + USSEP Patch.esp
	[40]	Open Cities Skyrim.esp
	[41]	Immersive Encounters - Open Cities Patch.esp
	[42]	Blowing in the Wind - Open Cities Skyrim Patch SSE.esp
	[FE:1]	CWIOpenCitiesSEPatch.esp
	[43]	ELFX - Exteriors Open Cities Patch.esp
	[44]	ELFXEnhancer.esp
Saving menu open/close event registrations...
Saving key input event registrations...
Saving control input event registrations...
Saving mod callback event registrations...
Saving crosshair ref event registrations...
Saving camera event registrations...
Saving actor action event registrations...
Saving NiNode update event registrations...
Saving SKSEPersistentObjectStorage data...
Saving SKSEDelayFunctorManager data...
cleared save path
save name is Autosave2_0E53D2FF_1_416E6472656577_HighHrothgar_000437_20200613053907_3_1
full save path: C:\Users\andre\OneDrive\Documentos\My Games\Skyrim Special Edition\Saves\\Autosave2_0E53D2FF_1_416E6472656577_HighHrothgar_000437_20200613053907_3_1.skse
dispatch message (4) to plugin listeners
no listeners registered
creating co-save
Saving plugin list:
	[0]	Skyrim.esm
	[1]	Update.esm
	[2]	Dawnguard.esm
	[3]	HearthFires.esm
	[4]	Dragonborn.esm
	[5]	RSkyrimChildren.esm
	[6]	Unofficial Skyrim Special Edition Patch.esp
	[7]	SkyUI_SE.esp
	[8]	S3DTrees NextGenerationForests.esp
	[9]	Landscape Fixes For Grass Mods.esp
	[10]	Blowing in the Wind SSE.esp
	[11]	SMIM-SE-Merged-All.esp
	[12]	Blowing in the Wind - SMIM Merged All Patch SSE.esp
	[13]	ELFX - Exteriors.esp
	[14]	Blowing in the Wind - ELFX Exteriors Patch SSE.esp
	[15]	Vivid WeathersSE.esp
	[16]	EnhancedLightsandFX.esp
	[17]	Cutting Room Floor.esp
	[18]	CollegeOfWinterholdImmersive.esp
	[19]	LC_BuildYourNobleHouse.esp
	[20]	SkyTEST-RealisticAnimals&Predators.esp
	[21]	skyBirds_SSE.esp
	[22]	hearthfireextended.esp
	[23]	Immersive Encounters.esp
	[24]	Run For Your Lives.esp
	[25]	Immersive Patrols II.esp
	[FE:0]	CWICRFSEPatch.esp
	[26]	Apocalypse - Magic of Skyrim.esp
	[27]	Cathedral Weathers.esp
	[28]	DIVERSE SKYRIM.esp
	[29]	DiverseDragonsCollectionSE.esp
	[30]	Guards_Armor_Replacer.esp
	[31]	Realistic-Voice.esp
	[32]	LrsamwaysExpandedSkyrimWeaponry.esp
	[33]	RSChildren.esp
	[34]	Vivid Weathers - Extended Rain.esp
	[35]	Vivid Weathers SE - Extended Snow.esp
	[36]	Immersive Encounters - RS Children Patch.esp
	[37]	Alternate Start - Live Another Life.esp
	[38]	Relationship Dialogue Overhaul.esp
	[39]	RDO - CRF + USSEP Patch.esp
	[40]	Open Cities Skyrim.esp
	[41]	Immersive Encounters - Open Cities Patch.esp
	[42]	Blowing in the Wind - Open Cities Skyrim Patch SSE.esp
	[FE:1]	CWIOpenCitiesSEPatch.esp
	[43]	ELFX - Exteriors Open Cities Patch.esp
	[44]	ELFXEnhancer.esp
Saving menu open/close event registrations...
Saving key input event registrations...
Saving control input event registrations...
Saving mod callback event registrations...
Saving crosshair ref event registrations...
Saving camera event registrations...
Saving actor action event registrations...
Saving NiNode update event registrations...
Saving SKSEPersistentObjectStorage data...
Saving SKSEDelayFunctorManager data...
cleared save path
save name is Autosave3_0E53D2FF_1_416E6472656577_Tamriel_000441_20200613054301_3_1
full save path: C:\Users\andre\OneDrive\Documentos\My Games\Skyrim Special Edition\Saves\\Autosave3_0E53D2FF_1_416E6472656577_Tamriel_000441_20200613054301_3_1.skse
dispatch message (4) to plugin listeners
no listeners registered
creating co-save
Saving plugin list:
	[0]	Skyrim.esm
	[1]	Update.esm
	[2]	Dawnguard.esm
	[3]	HearthFires.esm
	[4]	Dragonborn.esm
	[5]	RSkyrimChildren.esm
	[6]	Unofficial Skyrim Special Edition Patch.esp
	[7]	SkyUI_SE.esp
	[8]	S3DTrees NextGenerationForests.esp
	[9]	Landscape Fixes For Grass Mods.esp
	[10]	Blowing in the Wind SSE.esp
	[11]	SMIM-SE-Merged-All.esp
	[12]	Blowing in the Wind - SMIM Merged All Patch SSE.esp
	[13]	ELFX - Exteriors.esp
	[14]	Blowing in the Wind - ELFX Exteriors Patch SSE.esp
	[15]	Vivid WeathersSE.esp
	[16]	EnhancedLightsandFX.esp
	[17]	Cutting Room Floor.esp
	[18]	CollegeOfWinterholdImmersive.esp
	[19]	LC_BuildYourNobleHouse.esp
	[20]	SkyTEST-RealisticAnimals&Predators.esp
	[21]	skyBirds_SSE.esp
	[22]	hearthfireextended.esp
	[23]	Immersive Encounters.esp
	[24]	Run For Your Lives.esp
	[25]	Immersive Patrols II.esp
	[FE:0]	CWICRFSEPatch.esp
	[26]	Apocalypse - Magic of Skyrim.esp
	[27]	Cathedral Weathers.esp
	[28]	DIVERSE SKYRIM.esp
	[29]	DiverseDragonsCollectionSE.esp
	[30]	Guards_Armor_Replacer.esp
	[31]	Realistic-Voice.esp
	[32]	LrsamwaysExpandedSkyrimWeaponry.esp
	[33]	RSChildren.esp
	[34]	Vivid Weathers - Extended Rain.esp
	[35]	Vivid Weathers SE - Extended Snow.esp
	[36]	Immersive Encounters - RS Children Patch.esp
	[37]	Alternate Start - Live Another Life.esp
	[38]	Relationship Dialogue Overhaul.esp
	[39]	RDO - CRF + USSEP Patch.esp
	[40]	Open Cities Skyrim.esp
	[41]	Immersive Encounters - Open Cities Patch.esp
	[42]	Blowing in the Wind - Open Cities Skyrim Patch SSE.esp
	[FE:1]	CWIOpenCitiesSEPatch.esp
	[43]	ELFX - Exteriors Open Cities Patch.esp
	[44]	ELFXEnhancer.esp
Saving menu open/close event registrations...
Saving key input event registrations...
Saving control input event registrations...
Saving mod callback event registrations...
Saving crosshair ref event registrations...
Saving camera event registrations...
Saving actor action event registrations...
Saving NiNode update event registrations...
Saving SKSEPersistentObjectStorage data...
Saving SKSEDelayFunctorManager data...
cleared save path
save name is Autosave1_0E53D2FF_1_416E6472656577_HighHrothgar_000441_20200613054309_3_1
full save path: C:\Users\andre\OneDrive\Documentos\My Games\Skyrim Special Edition\Saves\\Autosave1_0E53D2FF_1_416E6472656577_HighHrothgar_000441_20200613054309_3_1.skse
dispatch message (4) to plugin listeners
no listeners registered
creating co-save
Saving plugin list:
	[0]	Skyrim.esm
	[1]	Update.esm
	[2]	Dawnguard.esm
	[3]	HearthFires.esm
	[4]	Dragonborn.esm
	[5]	RSkyrimChildren.esm
	[6]	Unofficial Skyrim Special Edition Patch.esp
	[7]	SkyUI_SE.esp
	[8]	S3DTrees NextGenerationForests.esp
	[9]	Landscape Fixes For Grass Mods.esp
	[10]	Blowing in the Wind SSE.esp
	[11]	SMIM-SE-Merged-All.esp
	[12]	Blowing in the Wind - SMIM Merged All Patch SSE.esp
	[13]	ELFX - Exteriors.esp
	[14]	Blowing in the Wind - ELFX Exteriors Patch SSE.esp
	[15]	Vivid WeathersSE.esp
	[16]	EnhancedLightsandFX.esp
	[17]	Cutting Room Floor.esp
	[18]	CollegeOfWinterholdImmersive.esp
	[19]	LC_BuildYourNobleHouse.esp
	[20]	SkyTEST-RealisticAnimals&Predators.esp
	[21]	skyBirds_SSE.esp
	[22]	hearthfireextended.esp
	[23]	Immersive Encounters.esp
	[24]	Run For Your Lives.esp
	[25]	Immersive Patrols II.esp
	[FE:0]	CWICRFSEPatch.esp
	[26]	Apocalypse - Magic of Skyrim.esp
	[27]	Cathedral Weathers.esp
	[28]	DIVERSE SKYRIM.esp
	[29]	DiverseDragonsCollectionSE.esp
	[30]	Guards_Armor_Replacer.esp
	[31]	Realistic-Voice.esp
	[32]	LrsamwaysExpandedSkyrimWeaponry.esp
	[33]	RSChildren.esp
	[34]	Vivid Weathers - Extended Rain.esp
	[35]	Vivid Weathers SE - Extended Snow.esp
	[36]	Immersive Encounters - RS Children Patch.esp
	[37]	Alternate Start - Live Another Life.esp
	[38]	Relationship Dialogue Overhaul.esp
	[39]	RDO - CRF + USSEP Patch.esp
	[40]	Open Cities Skyrim.esp
	[41]	Immersive Encounters - Open Cities Patch.esp
	[42]	Blowing in the Wind - Open Cities Skyrim Patch SSE.esp
	[FE:1]	CWIOpenCitiesSEPatch.esp
	[43]	ELFX - Exteriors Open Cities Patch.esp
	[44]	ELFXEnhancer.esp
Saving menu open/close event registrations...
Saving key input event registrations...
Saving control input event registrations...
Saving mod callback event registrations...
Saving crosshair ref event registrations...
Saving camera event registrations...
Saving actor action event registrations...
Saving NiNode update event registrations...
Saving SKSEPersistentObjectStorage data...
Saving SKSEDelayFunctorManager data...
cleared save path
save name is Autosave2_0E53D2FF_1_416E6472656577_Tamriel_000453_20200613055559_3_1
full save path: C:\Users\andre\OneDrive\Documentos\My Games\Skyrim Special Edition\Saves\\Autosave2_0E53D2FF_1_416E6472656577_Tamriel_000453_20200613055559_3_1.skse
dispatch message (4) to plugin listeners
no listeners registered
creating co-save
Saving plugin list:
	[0]	Skyrim.esm
	[1]	Update.esm
	[2]	Dawnguard.esm
	[3]	HearthFires.esm
	[4]	Dragonborn.esm
	[5]	RSkyrimChildren.esm
	[6]	Unofficial Skyrim Special Edition Patch.esp
	[7]	SkyUI_SE.esp
	[8]	S3DTrees NextGenerationForests.esp
	[9]	Landscape Fixes For Grass Mods.esp
	[10]	Blowing in the Wind SSE.esp
	[11]	SMIM-SE-Merged-All.esp
	[12]	Blowing in the Wind - SMIM Merged All Patch SSE.esp
	[13]	ELFX - Exteriors.esp
	[14]	Blowing in the Wind - ELFX Exteriors Patch SSE.esp
	[15]	Vivid WeathersSE.esp
	[16]	EnhancedLightsandFX.esp
	[17]	Cutting Room Floor.esp
	[18]	CollegeOfWinterholdImmersive.esp
	[19]	LC_BuildYourNobleHouse.esp
	[20]	SkyTEST-RealisticAnimals&Predators.esp
	[21]	skyBirds_SSE.esp
	[22]	hearthfireextended.esp
	[23]	Immersive Encounters.esp
	[24]	Run For Your Lives.esp
	[25]	Immersive Patrols II.esp
	[FE:0]	CWICRFSEPatch.esp
	[26]	Apocalypse - Magic of Skyrim.esp
	[27]	Cathedral Weathers.esp
	[28]	DIVERSE SKYRIM.esp
	[29]	DiverseDragonsCollectionSE.esp
	[30]	Guards_Armor_Replacer.esp
	[31]	Realistic-Voice.esp
	[32]	LrsamwaysExpandedSkyrimWeaponry.esp
	[33]	RSChildren.esp
	[34]	Vivid Weathers - Extended Rain.esp
	[35]	Vivid Weathers SE - Extended Snow.esp
	[36]	Immersive Encounters - RS Children Patch.esp
	[37]	Alternate Start - Live Another Life.esp
	[38]	Relationship Dialogue Overhaul.esp
	[39]	RDO - CRF + USSEP Patch.esp
	[40]	Open Cities Skyrim.esp
	[41]	Immersive Encounters - Open Cities Patch.esp
	[42]	Blowing in the Wind - Open Cities Skyrim Patch SSE.esp
	[FE:1]	CWIOpenCitiesSEPatch.esp
	[43]	ELFX - Exteriors Open Cities Patch.esp
	[44]	ELFXEnhancer.esp
Saving menu open/close event registrations...
Saving key input event registrations...
Saving control input event registrations...
Saving mod callback event registrations...
Saving crosshair ref event registrations...
Saving camera event registrations...
Saving actor action event registrations...
Saving NiNode update event registrations...
Saving SKSEPersistentObjectStorage data...
Saving SKSEDelayFunctorManager data...
cleared save path
save name is Autosave3_0E53D2FF_1_416E6472656577_HighHrothgar_000454_20200613055605_3_1
full save path: C:\Users\andre\OneDrive\Documentos\My Games\Skyrim Special Edition\Saves\\Autosave3_0E53D2FF_1_416E6472656577_HighHrothgar_000454_20200613055605_3_1.skse
dispatch message (4) to plugin listeners
no listeners registered
creating co-save
Saving plugin list:
	[0]	Skyrim.esm
	[1]	Update.esm
	[2]	Dawnguard.esm
	[3]	HearthFires.esm
	[4]	Dragonborn.esm
	[5]	RSkyrimChildren.esm
	[6]	Unofficial Skyrim Special Edition Patch.esp
	[7]	SkyUI_SE.esp
	[8]	S3DTrees NextGenerationForests.esp
	[9]	Landscape Fixes For Grass Mods.esp
	[10]	Blowing in the Wind SSE.esp
	[11]	SMIM-SE-Merged-All.esp
	[12]	Blowing in the Wind - SMIM Merged All Patch SSE.esp
	[13]	ELFX - Exteriors.esp
	[14]	Blowing in the Wind - ELFX Exteriors Patch SSE.esp
	[15]	Vivid WeathersSE.esp
	[16]	EnhancedLightsandFX.esp
	[17]	Cutting Room Floor.esp
	[18]	CollegeOfWinterholdImmersive.esp
	[19]	LC_BuildYourNobleHouse.esp
	[20]	SkyTEST-RealisticAnimals&Predators.esp
	[21]	skyBirds_SSE.esp
	[22]	hearthfireextended.esp
	[23]	Immersive Encounters.esp
	[24]	Run For Your Lives.esp
	[25]	Immersive Patrols II.esp
	[FE:0]	CWICRFSEPatch.esp
	[26]	Apocalypse - Magic of Skyrim.esp
	[27]	Cathedral Weathers.esp
	[28]	DIVERSE SKYRIM.esp
	[29]	DiverseDragonsCollectionSE.esp
	[30]	Guards_Armor_Replacer.esp
	[31]	Realistic-Voice.esp
	[32]	LrsamwaysExpandedSkyrimWeaponry.esp
	[33]	RSChildren.esp
	[34]	Vivid Weathers - Extended Rain.esp
	[35]	Vivid Weathers SE - Extended Snow.esp
	[36]	Immersive Encounters - RS Children Patch.esp
	[37]	Alternate Start - Live Another Life.esp
	[38]	Relationship Dialogue Overhaul.esp
	[39]	RDO - CRF + USSEP Patch.esp
	[40]	Open Cities Skyrim.esp
	[41]	Immersive Encounters - Open Cities Patch.esp
	[42]	Blowing in the Wind - Open Cities Skyrim Patch SSE.esp
	[FE:1]	CWIOpenCitiesSEPatch.esp
	[43]	ELFX - Exteriors Open Cities Patch.esp
	[44]	ELFXEnhancer.esp
Saving menu open/close event registrations...
Saving key input event registrations...
Saving control input event registrations...
Saving mod callback event registrations...
Saving crosshair ref event registrations...
Saving camera event registrations...
Saving actor action event registrations...
Saving NiNode update event registrations...
Saving SKSEPersistentObjectStorage data...
Saving SKSEDelayFunctorManager data...
cleared save path
save name is Autosave1_0E53D2FF_1_416E6472656577_Tamriel_000454_20200613055701_3_1
full save path: C:\Users\andre\OneDrive\Documentos\My Games\Skyrim Special Edition\Saves\\Autosave1_0E53D2FF_1_416E6472656577_Tamriel_000454_20200613055701_3_1.skse
dispatch message (4) to plugin listeners
no listeners registered
creating co-save
Saving plugin list:
	[0]	Skyrim.esm
	[1]	Update.esm
	[2]	Dawnguard.esm
	[3]	HearthFires.esm
	[4]	Dragonborn.esm
	[5]	RSkyrimChildren.esm
	[6]	Unofficial Skyrim Special Edition Patch.esp
	[7]	SkyUI_SE.esp
	[8]	S3DTrees NextGenerationForests.esp
	[9]	Landscape Fixes For Grass Mods.esp
	[10]	Blowing in the Wind SSE.esp
	[11]	SMIM-SE-Merged-All.esp
	[12]	Blowing in the Wind - SMIM Merged All Patch SSE.esp
	[13]	ELFX - Exteriors.esp
	[14]	Blowing in the Wind - ELFX Exteriors Patch SSE.esp
	[15]	Vivid WeathersSE.esp
	[16]	EnhancedLightsandFX.esp
	[17]	Cutting Room Floor.esp
	[18]	CollegeOfWinterholdImmersive.esp
	[19]	LC_BuildYourNobleHouse.esp
	[20]	SkyTEST-RealisticAnimals&Predators.esp
	[21]	skyBirds_SSE.esp
	[22]	hearthfireextended.esp
	[23]	Immersive Encounters.esp
	[24]	Run For Your Lives.esp
	[25]	Immersive Patrols II.esp
	[FE:0]	CWICRFSEPatch.esp
	[26]	Apocalypse - Magic of Skyrim.esp
	[27]	Cathedral Weathers.esp
	[28]	DIVERSE SKYRIM.esp
	[29]	DiverseDragonsCollectionSE.esp
	[30]	Guards_Armor_Replacer.esp
	[31]	Realistic-Voice.esp
	[32]	LrsamwaysExpandedSkyrimWeaponry.esp
	[33]	RSChildren.esp
	[34]	Vivid Weathers - Extended Rain.esp
	[35]	Vivid Weathers SE - Extended Snow.esp
	[36]	Immersive Encounters - RS Children Patch.esp
	[37]	Alternate Start - Live Another Life.esp
	[38]	Relationship Dialogue Overhaul.esp
	[39]	RDO - CRF + USSEP Patch.esp
	[40]	Open Cities Skyrim.esp
	[41]	Immersive Encounters - Open Cities Patch.esp
	[42]	Blowing in the Wind - Open Cities Skyrim Patch SSE.esp
	[FE:1]	CWIOpenCitiesSEPatch.esp
	[43]	ELFX - Exteriors Open Cities Patch.esp
	[44]	ELFXEnhancer.esp
Saving menu open/close event registrations...
Saving key input event registrations...
Saving control input event registrations...
Saving mod callback event registrations...
Saving crosshair ref event registrations...
Saving camera event registrations...
Saving actor action event registrations...
Saving NiNode update event registrations...
Saving SKSEPersistentObjectStorage data...
Saving SKSEDelayFunctorManager data...
cleared save path
save name is Autosave2_0E53D2FF_1_416E6472656577_HighHrothgar_000455_20200613055753_3_1
full save path: C:\Users\andre\OneDrive\Documentos\My Games\Skyrim Special Edition\Saves\\Autosave2_0E53D2FF_1_416E6472656577_HighHrothgar_000455_20200613055753_3_1.skse
dispatch message (4) to plugin listeners
no listeners registered
creating co-save
Saving plugin list:
	[0]	Skyrim.esm
	[1]	Update.esm
	[2]	Dawnguard.esm
	[3]	HearthFires.esm
	[4]	Dragonborn.esm
	[5]	RSkyrimChildren.esm
	[6]	Unofficial Skyrim Special Edition Patch.esp
	[7]	SkyUI_SE.esp
	[8]	S3DTrees NextGenerationForests.esp
	[9]	Landscape Fixes For Grass Mods.esp
	[10]	Blowing in the Wind SSE.esp
	[11]	SMIM-SE-Merged-All.esp
	[12]	Blowing in the Wind - SMIM Merged All Patch SSE.esp
	[13]	ELFX - Exteriors.esp
	[14]	Blowing in the Wind - ELFX Exteriors Patch SSE.esp
	[15]	Vivid WeathersSE.esp
	[16]	EnhancedLightsandFX.esp
	[17]	Cutting Room Floor.esp
	[18]	CollegeOfWinterholdImmersive.esp
	[19]	LC_BuildYourNobleHouse.esp
	[20]	SkyTEST-RealisticAnimals&Predators.esp
	[21]	skyBirds_SSE.esp
	[22]	hearthfireextended.esp
	[23]	Immersive Encounters.esp
	[24]	Run For Your Lives.esp
	[25]	Immersive Patrols II.esp
	[FE:0]	CWICRFSEPatch.esp
	[26]	Apocalypse - Magic of Skyrim.esp
	[27]	Cathedral Weathers.esp
	[28]	DIVERSE SKYRIM.esp
	[29]	DiverseDragonsCollectionSE.esp
	[30]	Guards_Armor_Replacer.esp
	[31]	Realistic-Voice.esp
	[32]	LrsamwaysExpandedSkyrimWeaponry.esp
	[33]	RSChildren.esp
	[34]	Vivid Weathers - Extended Rain.esp
	[35]	Vivid Weathers SE - Extended Snow.esp
	[36]	Immersive Encounters - RS Children Patch.esp
	[37]	Alternate Start - Live Another Life.esp
	[38]	Relationship Dialogue Overhaul.esp
	[39]	RDO - CRF + USSEP Patch.esp
	[40]	Open Cities Skyrim.esp
	[41]	Immersive Encounters - Open Cities Patch.esp
	[42]	Blowing in the Wind - Open Cities Skyrim Patch SSE.esp
	[FE:1]	CWIOpenCitiesSEPatch.esp
	[43]	ELFX - Exteriors Open Cities Patch.esp
	[44]	ELFXEnhancer.esp
Saving menu open/close event registrations...
Saving key input event registrations...
Saving control input event registrations...
Saving mod callback event registrations...
Saving crosshair ref event registrations...
Saving camera event registrations...
Saving actor action event registrations...
Saving NiNode update event registrations...
Saving SKSEPersistentObjectStorage data...
Saving SKSEDelayFunctorManager data...
cleared save path
save name is Autosave3_0E53D2FF_1_416E6472656577_Tamriel_000457_20200613055905_3_1
full save path: C:\Users\andre\OneDrive\Documentos\My Games\Skyrim Special Edition\Saves\\Autosave3_0E53D2FF_1_416E6472656577_Tamriel_000457_20200613055905_3_1.skse
dispatch message (4) to plugin listeners
no listeners registered
creating co-save
Saving plugin list:
	[0]	Skyrim.esm
	[1]	Update.esm
	[2]	Dawnguard.esm
	[3]	HearthFires.esm
	[4]	Dragonborn.esm
	[5]	RSkyrimChildren.esm
	[6]	Unofficial Skyrim Special Edition Patch.esp
	[7]	SkyUI_SE.esp
	[8]	S3DTrees NextGenerationForests.esp
	[9]	Landscape Fixes For Grass Mods.esp
	[10]	Blowing in the Wind SSE.esp
	[11]	SMIM-SE-Merged-All.esp
	[12]	Blowing in the Wind - SMIM Merged All Patch SSE.esp
	[13]	ELFX - Exteriors.esp
	[14]	Blowing in the Wind - ELFX Exteriors Patch SSE.esp
	[15]	Vivid WeathersSE.esp
	[16]	EnhancedLightsandFX.esp
	[17]	Cutting Room Floor.esp
	[18]	CollegeOfWinterholdImmersive.esp
	[19]	LC_BuildYourNobleHouse.esp
	[20]	SkyTEST-RealisticAnimals&Predators.esp
	[21]	skyBirds_SSE.esp
	[22]	hearthfireextended.esp
	[23]	Immersive Encounters.esp
	[24]	Run For Your Lives.esp
	[25]	Immersive Patrols II.esp
	[FE:0]	CWICRFSEPatch.esp
	[26]	Apocalypse - Magic of Skyrim.esp
	[27]	Cathedral Weathers.esp
	[28]	DIVERSE SKYRIM.esp
	[29]	DiverseDragonsCollectionSE.esp
	[30]	Guards_Armor_Replacer.esp
	[31]	Realistic-Voice.esp
	[32]	LrsamwaysExpandedSkyrimWeaponry.esp
	[33]	RSChildren.esp
	[34]	Vivid Weathers - Extended Rain.esp
	[35]	Vivid Weathers SE - Extended Snow.esp
	[36]	Immersive Encounters - RS Children Patch.esp
	[37]	Alternate Start - Live Another Life.esp
	[38]	Relationship Dialogue Overhaul.esp
	[39]	RDO - CRF + USSEP Patch.esp
	[40]	Open Cities Skyrim.esp
	[41]	Immersive Encounters - Open Cities Patch.esp
	[42]	Blowing in the Wind - Open Cities Skyrim Patch SSE.esp
	[FE:1]	CWIOpenCitiesSEPatch.esp
	[43]	ELFX - Exteriors Open Cities Patch.esp
	[44]	ELFXEnhancer.esp
Saving menu open/close event registrations...
Saving key input event registrations...
Saving control input event registrations...
Saving mod callback event registrations...
Saving crosshair ref event registrations...
Saving camera event registrations...
Saving actor action event registrations...
Saving NiNode update event registrations...
Saving SKSEPersistentObjectStorage data...
Saving SKSEDelayFunctorManager data...
cleared save path
save name is Autosave1_0E53D2FF_1_416E6472656577_HighHrothgar_000457_20200613055912_3_1
full save path: C:\Users\andre\OneDrive\Documentos\My Games\Skyrim Special Edition\Saves\\Autosave1_0E53D2FF_1_416E6472656577_HighHrothgar_000457_20200613055912_3_1.skse
dispatch message (4) to plugin listeners
no listeners registered
creating co-save
Saving plugin list:
	[0]	Skyrim.esm
	[1]	Update.esm
	[2]	Dawnguard.esm
	[3]	HearthFires.esm
	[4]	Dragonborn.esm
	[5]	RSkyrimChildren.esm
	[6]	Unofficial Skyrim Special Edition Patch.esp
	[7]	SkyUI_SE.esp
	[8]	S3DTrees NextGenerationForests.esp
	[9]	Landscape Fixes For Grass Mods.esp
	[10]	Blowing in the Wind SSE.esp
	[11]	SMIM-SE-Merged-All.esp
	[12]	Blowing in the Wind - SMIM Merged All Patch SSE.esp
	[13]	ELFX - Exteriors.esp
	[14]	Blowing in the Wind - ELFX Exteriors Patch SSE.esp
	[15]	Vivid WeathersSE.esp
	[16]	EnhancedLightsandFX.esp
	[17]	Cutting Room Floor.esp
	[18]	CollegeOfWinterholdImmersive.esp
	[19]	LC_BuildYourNobleHouse.esp
	[20]	SkyTEST-RealisticAnimals&Predators.esp
	[21]	skyBirds_SSE.esp
	[22]	hearthfireextended.esp
	[23]	Immersive Encounters.esp
	[24]	Run For Your Lives.esp
	[25]	Immersive Patrols II.esp
	[FE:0]	CWICRFSEPatch.esp
	[26]	Apocalypse - Magic of Skyrim.esp
	[27]	Cathedral Weathers.esp
	[28]	DIVERSE SKYRIM.esp
	[29]	DiverseDragonsCollectionSE.esp
	[30]	Guards_Armor_Replacer.esp
	[31]	Realistic-Voice.esp
	[32]	LrsamwaysExpandedSkyrimWeaponry.esp
	[33]	RSChildren.esp
	[34]	Vivid Weathers - Extended Rain.esp
	[35]	Vivid Weathers SE - Extended Snow.esp
	[36]	Immersive Encounters - RS Children Patch.esp
	[37]	Alternate Start - Live Another Life.esp
	[38]	Relationship Dialogue Overhaul.esp
	[39]	RDO - CRF + USSEP Patch.esp
	[40]	Open Cities Skyrim.esp
	[41]	Immersive Encounters - Open Cities Patch.esp
	[42]	Blowing in the Wind - Open Cities Skyrim Patch SSE.esp
	[FE:1]	CWIOpenCitiesSEPatch.esp
	[43]	ELFX - Exteriors Open Cities Patch.esp
	[44]	ELFXEnhancer.esp
Saving menu open/close event registrations...
Saving key input event registrations...
Saving control input event registrations...
Saving mod callback event registrations...
Saving crosshair ref event registrations...
Saving camera event registrations...
Saving actor action event registrations...
Saving NiNode update event registrations...
Saving SKSEPersistentObjectStorage data...
Saving SKSEDelayFunctorManager data...
cleared save path
save name is Autosave2_0E53D2FF_1_416E6472656577_Tamriel_000457_20200613055933_3_1
full save path: C:\Users\andre\OneDrive\Documentos\My Games\Skyrim Special Edition\Saves\\Autosave2_0E53D2FF_1_416E6472656577_Tamriel_000457_20200613055933_3_1.skse
dispatch message (4) to plugin listeners
no listeners registered
creating co-save
Saving plugin list:
	[0]	Skyrim.esm
	[1]	Update.esm
	[2]	Dawnguard.esm
	[3]	HearthFires.esm
	[4]	Dragonborn.esm
	[5]	RSkyrimChildren.esm
	[6]	Unofficial Skyrim Special Edition Patch.esp
	[7]	SkyUI_SE.esp
	[8]	S3DTrees NextGenerationForests.esp
	[9]	Landscape Fixes For Grass Mods.esp
	[10]	Blowing in the Wind SSE.esp
	[11]	SMIM-SE-Merged-All.esp
	[12]	Blowing in the Wind - SMIM Merged All Patch SSE.esp
	[13]	ELFX - Exteriors.esp
	[14]	Blowing in the Wind - ELFX Exteriors Patch SSE.esp
	[15]	Vivid WeathersSE.esp
	[16]	EnhancedLightsandFX.esp
	[17]	Cutting Room Floor.esp
	[18]	CollegeOfWinterholdImmersive.esp
	[19]	LC_BuildYourNobleHouse.esp
	[20]	SkyTEST-RealisticAnimals&Predators.esp
	[21]	skyBirds_SSE.esp
	[22]	hearthfireextended.esp
	[23]	Immersive Encounters.esp
	[24]	Run For Your Lives.esp
	[25]	Immersive Patrols II.esp
	[FE:0]	CWICRFSEPatch.esp
	[26]	Apocalypse - Magic of Skyrim.esp
	[27]	Cathedral Weathers.esp
	[28]	DIVERSE SKYRIM.esp
	[29]	DiverseDragonsCollectionSE.esp
	[30]	Guards_Armor_Replacer.esp
	[31]	Realistic-Voice.esp
	[32]	LrsamwaysExpandedSkyrimWeaponry.esp
	[33]	RSChildren.esp
	[34]	Vivid Weathers - Extended Rain.esp
	[35]	Vivid Weathers SE - Extended Snow.esp
	[36]	Immersive Encounters - RS Children Patch.esp
	[37]	Alternate Start - Live Another Life.esp
	[38]	Relationship Dialogue Overhaul.esp
	[39]	RDO - CRF + USSEP Patch.esp
	[40]	Open Cities Skyrim.esp
	[41]	Immersive Encounters - Open Cities Patch.esp
	[42]	Blowing in the Wind - Open Cities Skyrim Patch SSE.esp
	[FE:1]	CWIOpenCitiesSEPatch.esp
	[43]	ELFX - Exteriors Open Cities Patch.esp
	[44]	ELFXEnhancer.esp
Saving menu open/close event registrations...
Saving key input event registrations...
Saving control input event registrations...
Saving mod callback event registrations...
Saving crosshair ref event registrations...
Saving camera event registrations...
Saving actor action event registrations...
Saving NiNode update event registrations...
Saving SKSEPersistentObjectStorage data...
Saving SKSEDelayFunctorManager data...
cleared save path
save name is Autosave3_0E53D2FF_1_416E6472656577_HighHrothgar_000457_20200613055948_3_1
full save path: C:\Users\andre\OneDrive\Documentos\My Games\Skyrim Special Edition\Saves\\Autosave3_0E53D2FF_1_416E6472656577_HighHrothgar_000457_20200613055948_3_1.skse
dispatch message (4) to plugin listeners
no listeners registered
creating co-save
Saving plugin list:
	[0]	Skyrim.esm
	[1]	Update.esm
	[2]	Dawnguard.esm
	[3]	HearthFires.esm
	[4]	Dragonborn.esm
	[5]	RSkyrimChildren.esm
	[6]	Unofficial Skyrim Special Edition Patch.esp
	[7]	SkyUI_SE.esp
	[8]	S3DTrees NextGenerationForests.esp
	[9]	Landscape Fixes For Grass Mods.esp
	[10]	Blowing in the Wind SSE.esp
	[11]	SMIM-SE-Merged-All.esp
	[12]	Blowing in the Wind - SMIM Merged All Patch SSE.esp
	[13]	ELFX - Exteriors.esp
	[14]	Blowing in the Wind - ELFX Exteriors Patch SSE.esp
	[15]	Vivid WeathersSE.esp
	[16]	EnhancedLightsandFX.esp
	[17]	Cutting Room Floor.esp
	[18]	CollegeOfWinterholdImmersive.esp
	[19]	LC_BuildYourNobleHouse.esp
	[20]	SkyTEST-RealisticAnimals&Predators.esp
	[21]	skyBirds_SSE.esp
	[22]	hearthfireextended.esp
	[23]	Immersive Encounters.esp
	[24]	Run For Your Lives.esp
	[25]	Immersive Patrols II.esp
	[FE:0]	CWICRFSEPatch.esp
	[26]	Apocalypse - Magic of Skyrim.esp
	[27]	Cathedral Weathers.esp
	[28]	DIVERSE SKYRIM.esp
	[29]	DiverseDragonsCollectionSE.esp
	[30]	Guards_Armor_Replacer.esp
	[31]	Realistic-Voice.esp
	[32]	LrsamwaysExpandedSkyrimWeaponry.esp
	[33]	RSChildren.esp
	[34]	Vivid Weathers - Extended Rain.esp
	[35]	Vivid Weathers SE - Extended Snow.esp
	[36]	Immersive Encounters - RS Children Patch.esp
	[37]	Alternate Start - Live Another Life.esp
	[38]	Relationship Dialogue Overhaul.esp
	[39]	RDO - CRF + USSEP Patch.esp
	[40]	Open Cities Skyrim.esp
	[41]	Immersive Encounters - Open Cities Patch.esp
	[42]	Blowing in the Wind - Open Cities Skyrim Patch SSE.esp
	[FE:1]	CWIOpenCitiesSEPatch.esp
	[43]	ELFX - Exteriors Open Cities Patch.esp
	[44]	ELFXEnhancer.esp
Saving menu open/close event registrations...
Saving key input event registrations...
Saving control input event registrations...
Saving mod callback event registrations...
Saving crosshair ref event registrations...
Saving camera event registrations...
Saving actor action event registrations...
Saving NiNode update event registrations...
Saving SKSEPersistentObjectStorage data...
Saving SKSEDelayFunctorManager data...
cleared save path
save name is Autosave1_0E53D2FF_1_416E6472656577_Tamriel_000458_20200613060017_3_1
full save path: C:\Users\andre\OneDrive\Documentos\My Games\Skyrim Special Edition\Saves\\Autosave1_0E53D2FF_1_416E6472656577_Tamriel_000458_20200613060017_3_1.skse
dispatch message (4) to plugin listeners
no listeners registered
creating co-save
Saving plugin list:
	[0]	Skyrim.esm
	[1]	Update.esm
	[2]	Dawnguard.esm
	[3]	HearthFires.esm
	[4]	Dragonborn.esm
	[5]	RSkyrimChildren.esm
	[6]	Unofficial Skyrim Special Edition Patch.esp
	[7]	SkyUI_SE.esp
	[8]	S3DTrees NextGenerationForests.esp
	[9]	Landscape Fixes For Grass Mods.esp
	[10]	Blowing in the Wind SSE.esp
	[11]	SMIM-SE-Merged-All.esp
	[12]	Blowing in the Wind - SMIM Merged All Patch SSE.esp
	[13]	ELFX - Exteriors.esp
	[14]	Blowing in the Wind - ELFX Exteriors Patch SSE.esp
	[15]	Vivid WeathersSE.esp
	[16]	EnhancedLightsandFX.esp
	[17]	Cutting Room Floor.esp
	[18]	CollegeOfWinterholdImmersive.esp
	[19]	LC_BuildYourNobleHouse.esp
	[20]	SkyTEST-RealisticAnimals&Predators.esp
	[21]	skyBirds_SSE.esp
	[22]	hearthfireextended.esp
	[23]	Immersive Encounters.esp
	[24]	Run For Your Lives.esp
	[25]	Immersive Patrols II.esp
	[FE:0]	CWICRFSEPatch.esp
	[26]	Apocalypse - Magic of Skyrim.esp
	[27]	Cathedral Weathers.esp
	[28]	DIVERSE SKYRIM.esp
	[29]	DiverseDragonsCollectionSE.esp
	[30]	Guards_Armor_Replacer.esp
	[31]	Realistic-Voice.esp
	[32]	LrsamwaysExpandedSkyrimWeaponry.esp
	[33]	RSChildren.esp
	[34]	Vivid Weathers - Extended Rain.esp
	[35]	Vivid Weathers SE - Extended Snow.esp
	[36]	Immersive Encounters - RS Children Patch.esp
	[37]	Alternate Start - Live Another Life.esp
	[38]	Relationship Dialogue Overhaul.esp
	[39]	RDO - CRF + USSEP Patch.esp
	[40]	Open Cities Skyrim.esp
	[41]	Immersive Encounters - Open Cities Patch.esp
	[42]	Blowing in the Wind - Open Cities Skyrim Patch SSE.esp
	[FE:1]	CWIOpenCitiesSEPatch.esp
	[43]	ELFX - Exteriors Open Cities Patch.esp
	[44]	ELFXEnhancer.esp
Saving menu open/close event registrations...
Saving key input event registrations...
Saving control input event registrations...
Saving mod callback event registrations...
Saving crosshair ref event registrations...
Saving camera event registrations...
Saving actor action event registrations...
Saving NiNode update event registrations...
Saving SKSEPersistentObjectStorage data...
Saving SKSEDelayFunctorManager data...
cleared save path
save name is Autosave2_0E53D2FF_1_416E6472656577_HighHrothgar_000459_20200613060110_3_1
full save path: C:\Users\andre\OneDrive\Documentos\My Games\Skyrim Special Edition\Saves\\Autosave2_0E53D2FF_1_416E6472656577_HighHrothgar_000459_20200613060110_3_1.skse
dispatch message (4) to plugin listeners
no listeners registered
creating co-save
Saving plugin list:
	[0]	Skyrim.esm
	[1]	Update.esm
	[2]	Dawnguard.esm
	[3]	HearthFires.esm
	[4]	Dragonborn.esm
	[5]	RSkyrimChildren.esm
	[6]	Unofficial Skyrim Special Edition Patch.esp
	[7]	SkyUI_SE.esp
	[8]	S3DTrees NextGenerationForests.esp
	[9]	Landscape Fixes For Grass Mods.esp
	[10]	Blowing in the Wind SSE.esp
	[11]	SMIM-SE-Merged-All.esp
	[12]	Blowing in the Wind - SMIM Merged All Patch SSE.esp
	[13]	ELFX - Exteriors.esp
	[14]	Blowing in the Wind - ELFX Exteriors Patch SSE.esp
	[15]	Vivid WeathersSE.esp
	[16]	EnhancedLightsandFX.esp
	[17]	Cutting Room Floor.esp
	[18]	CollegeOfWinterholdImmersive.esp
	[19]	LC_BuildYourNobleHouse.esp
	[20]	SkyTEST-RealisticAnimals&Predators.esp
	[21]	skyBirds_SSE.esp
	[22]	hearthfireextended.esp
	[23]	Immersive Encounters.esp
	[24]	Run For Your Lives.esp
	[25]	Immersive Patrols II.esp
	[FE:0]	CWICRFSEPatch.esp
	[26]	Apocalypse - Magic of Skyrim.esp
	[27]	Cathedral Weathers.esp
	[28]	DIVERSE SKYRIM.esp
	[29]	DiverseDragonsCollectionSE.esp
	[30]	Guards_Armor_Replacer.esp
	[31]	Realistic-Voice.esp
	[32]	LrsamwaysExpandedSkyrimWeaponry.esp
	[33]	RSChildren.esp
	[34]	Vivid Weathers - Extended Rain.esp
	[35]	Vivid Weathers SE - Extended Snow.esp
	[36]	Immersive Encounters - RS Children Patch.esp
	[37]	Alternate Start - Live Another Life.esp
	[38]	Relationship Dialogue Overhaul.esp
	[39]	RDO - CRF + USSEP Patch.esp
	[40]	Open Cities Skyrim.esp
	[41]	Immersive Encounters - Open Cities Patch.esp
	[42]	Blowing in the Wind - Open Cities Skyrim Patch SSE.esp
	[FE:1]	CWIOpenCitiesSEPatch.esp
	[43]	ELFX - Exteriors Open Cities Patch.esp
	[44]	ELFXEnhancer.esp
Saving menu open/close event registrations...
Saving key input event registrations...
Saving control input event registrations...
Saving mod callback event registrations...
Saving crosshair ref event registrations...
Saving camera event registrations...
Saving actor action event registrations...
Saving NiNode update event registrations...
Saving SKSEPersistentObjectStorage data...
Saving SKSEDelayFunctorManager data...
cleared save path
save name is Autosave3_0E53D2FF_1_416E6472656577_Tamriel_000459_20200613060117_3_1
full save path: C:\Users\andre\OneDrive\Documentos\My Games\Skyrim Special Edition\Saves\\Autosave3_0E53D2FF_1_416E6472656577_Tamriel_000459_20200613060117_3_1.skse
dispatch message (4) to plugin listeners
no listeners registered
creating co-save
Saving plugin list:
	[0]	Skyrim.esm
	[1]	Update.esm
	[2]	Dawnguard.esm
	[3]	HearthFires.esm
	[4]	Dragonborn.esm
	[5]	RSkyrimChildren.esm
	[6]	Unofficial Skyrim Special Edition Patch.esp
	[7]	SkyUI_SE.esp
	[8]	S3DTrees NextGenerationForests.esp
	[9]	Landscape Fixes For Grass Mods.esp
	[10]	Blowing in the Wind SSE.esp
	[11]	SMIM-SE-Merged-All.esp
	[12]	Blowing in the Wind - SMIM Merged All Patch SSE.esp
	[13]	ELFX - Exteriors.esp
	[14]	Blowing in the Wind - ELFX Exteriors Patch SSE.esp
	[15]	Vivid WeathersSE.esp
	[16]	EnhancedLightsandFX.esp
	[17]	Cutting Room Floor.esp
	[18]	CollegeOfWinterholdImmersive.esp
	[19]	LC_BuildYourNobleHouse.esp
	[20]	SkyTEST-RealisticAnimals&Predators.esp
	[21]	skyBirds_SSE.esp
	[22]	hearthfireextended.esp
	[23]	Immersive Encounters.esp
	[24]	Run For Your Lives.esp
	[25]	Immersive Patrols II.esp
	[FE:0]	CWICRFSEPatch.esp
	[26]	Apocalypse - Magic of Skyrim.esp
	[27]	Cathedral Weathers.esp
	[28]	DIVERSE SKYRIM.esp
	[29]	DiverseDragonsCollectionSE.esp
	[30]	Guards_Armor_Replacer.esp
	[31]	Realistic-Voice.esp
	[32]	LrsamwaysExpandedSkyrimWeaponry.esp
	[33]	RSChildren.esp
	[34]	Vivid Weathers - Extended Rain.esp
	[35]	Vivid Weathers SE - Extended Snow.esp
	[36]	Immersive Encounters - RS Children Patch.esp
	[37]	Alternate Start - Live Another Life.esp
	[38]	Relationship Dialogue Overhaul.esp
	[39]	RDO - CRF + USSEP Patch.esp
	[40]	Open Cities Skyrim.esp
	[41]	Immersive Encounters - Open Cities Patch.esp
	[42]	Blowing in the Wind - Open Cities Skyrim Patch SSE.esp
	[FE:1]	CWIOpenCitiesSEPatch.esp
	[43]	ELFX - Exteriors Open Cities Patch.esp
	[44]	ELFXEnhancer.esp
Saving menu open/close event registrations...
Saving key input event registrations...
Saving control input event registrations...
Saving mod callback event registrations...
Saving crosshair ref event registrations...
Saving camera event registrations...
Saving actor action event registrations...
Saving NiNode update event registrations...
Saving SKSEPersistentObjectStorage data...
Saving SKSEDelayFunctorManager data...
cleared save path
save name is Autosave1_0E53D2FF_1_416E6472656577_HighHrothgar_000500_20200613060216_3_1
full save path: C:\Users\andre\OneDrive\Documentos\My Games\Skyrim Special Edition\Saves\\Autosave1_0E53D2FF_1_416E6472656577_HighHrothgar_000500_20200613060216_3_1.skse
dispatch message (4) to plugin listeners
no listeners registered
creating co-save
Saving plugin list:
	[0]	Skyrim.esm
	[1]	Update.esm
	[2]	Dawnguard.esm
	[3]	HearthFires.esm
	[4]	Dragonborn.esm
	[5]	RSkyrimChildren.esm
	[6]	Unofficial Skyrim Special Edition Patch.esp
	[7]	SkyUI_SE.esp
	[8]	S3DTrees NextGenerationForests.esp
	[9]	Landscape Fixes For Grass Mods.esp
	[10]	Blowing in the Wind SSE.esp
	[11]	SMIM-SE-Merged-All.esp
	[12]	Blowing in the Wind - SMIM Merged All Patch SSE.esp
	[13]	ELFX - Exteriors.esp
	[14]	Blowing in the Wind - ELFX Exteriors Patch SSE.esp
	[15]	Vivid WeathersSE.esp
	[16]	EnhancedLightsandFX.esp
	[17]	Cutting Room Floor.esp
	[18]	CollegeOfWinterholdImmersive.esp
	[19]	LC_BuildYourNobleHouse.esp
	[20]	SkyTEST-RealisticAnimals&Predators.esp
	[21]	skyBirds_SSE.esp
	[22]	hearthfireextended.esp
	[23]	Immersive Encounters.esp
	[24]	Run For Your Lives.esp
	[25]	Immersive Patrols II.esp
	[FE:0]	CWICRFSEPatch.esp
	[26]	Apocalypse - Magic of Skyrim.esp
	[27]	Cathedral Weathers.esp
	[28]	DIVERSE SKYRIM.esp
	[29]	DiverseDragonsCollectionSE.esp
	[30]	Guards_Armor_Replacer.esp
	[31]	Realistic-Voice.esp
	[32]	LrsamwaysExpandedSkyrimWeaponry.esp
	[33]	RSChildren.esp
	[34]	Vivid Weathers - Extended Rain.esp
	[35]	Vivid Weathers SE - Extended Snow.esp
	[36]	Immersive Encounters - RS Children Patch.esp
	[37]	Alternate Start - Live Another Life.esp
	[38]	Relationship Dialogue Overhaul.esp
	[39]	RDO - CRF + USSEP Patch.esp
	[40]	Open Cities Skyrim.esp
	[41]	Immersive Encounters - Open Cities Patch.esp
	[42]	Blowing in the Wind - Open Cities Skyrim Patch SSE.esp
	[FE:1]	CWIOpenCitiesSEPatch.esp
	[43]	ELFX - Exteriors Open Cities Patch.esp
	[44]	ELFXEnhancer.esp
Saving menu open/close event registrations...
Saving key input event registrations...
Saving control input event registrations...
Saving mod callback event registrations...
Saving crosshair ref event registrations...
Saving camera event registrations...
Saving actor action event registrations...
Saving NiNode update event registrations...
Saving SKSEPersistentObjectStorage data...
Saving SKSEDelayFunctorManager data...
cleared save path
save name is Autosave2_0E53D2FF_1_416E6472656577_Tamriel_000500_20200613060225_3_1
full save path: C:\Users\andre\OneDrive\Documentos\My Games\Skyrim Special Edition\Saves\\Autosave2_0E53D2FF_1_416E6472656577_Tamriel_000500_20200613060225_3_1.skse
dispatch message (4) to plugin listeners
no listeners registered
creating co-save
Saving plugin list:
	[0]	Skyrim.esm
	[1]	Update.esm
	[2]	Dawnguard.esm
	[3]	HearthFires.esm
	[4]	Dragonborn.esm
	[5]	RSkyrimChildren.esm
	[6]	Unofficial Skyrim Special Edition Patch.esp
	[7]	SkyUI_SE.esp
	[8]	S3DTrees NextGenerationForests.esp
	[9]	Landscape Fixes For Grass Mods.esp
	[10]	Blowing in the Wind SSE.esp
	[11]	SMIM-SE-Merged-All.esp
	[12]	Blowing in the Wind - SMIM Merged All Patch SSE.esp
	[13]	ELFX - Exteriors.esp
	[14]	Blowing in the Wind - ELFX Exteriors Patch SSE.esp
	[15]	Vivid WeathersSE.esp
	[16]	EnhancedLightsandFX.esp
	[17]	Cutting Room Floor.esp
	[18]	CollegeOfWinterholdImmersive.esp
	[19]	LC_BuildYourNobleHouse.esp
	[20]	SkyTEST-RealisticAnimals&Predators.esp
	[21]	skyBirds_SSE.esp
	[22]	hearthfireextended.esp
	[23]	Immersive Encounters.esp
	[24]	Run For Your Lives.esp
	[25]	Immersive Patrols II.esp
	[FE:0]	CWICRFSEPatch.esp
	[26]	Apocalypse - Magic of Skyrim.esp
	[27]	Cathedral Weathers.esp
	[28]	DIVERSE SKYRIM.esp
	[29]	DiverseDragonsCollectionSE.esp
	[30]	Guards_Armor_Replacer.esp
	[31]	Realistic-Voice.esp
	[32]	LrsamwaysExpandedSkyrimWeaponry.esp
	[33]	RSChildren.esp
	[34]	Vivid Weathers - Extended Rain.esp
	[35]	Vivid Weathers SE - Extended Snow.esp
	[36]	Immersive Encounters - RS Children Patch.esp
	[37]	Alternate Start - Live Another Life.esp
	[38]	Relationship Dialogue Overhaul.esp
	[39]	RDO - CRF + USSEP Patch.esp
	[40]	Open Cities Skyrim.esp
	[41]	Immersive Encounters - Open Cities Patch.esp
	[42]	Blowing in the Wind - Open Cities Skyrim Patch SSE.esp
	[FE:1]	CWIOpenCitiesSEPatch.esp
	[43]	ELFX - Exteriors Open Cities Patch.esp
	[44]	ELFXEnhancer.esp
Saving menu open/close event registrations...
Saving key input event registrations...
Saving control input event registrations...
Saving mod callback event registrations...
Saving crosshair ref event registrations...
Saving camera event registrations...
Saving actor action event registrations...
Saving NiNode update event registrations...
Saving SKSEPersistentObjectStorage data...
Saving SKSEDelayFunctorManager data...
cleared save path
save name is Autosave3_0E53D2FF_1_416E6472656577_HighHrothgar_000501_20200613060319_3_1
full save path: C:\Users\andre\OneDrive\Documentos\My Games\Skyrim Special Edition\Saves\\Autosave3_0E53D2FF_1_416E6472656577_HighHrothgar_000501_20200613060319_3_1.skse
dispatch message (4) to plugin listeners
no listeners registered
creating co-save
Saving plugin list:
	[0]	Skyrim.esm
	[1]	Update.esm
	[2]	Dawnguard.esm
	[3]	HearthFires.esm
	[4]	Dragonborn.esm
	[5]	RSkyrimChildren.esm
	[6]	Unofficial Skyrim Special Edition Patch.esp
	[7]	SkyUI_SE.esp
	[8]	S3DTrees NextGenerationForests.esp
	[9]	Landscape Fixes For Grass Mods.esp
	[10]	Blowing in the Wind SSE.esp
	[11]	SMIM-SE-Merged-All.esp
	[12]	Blowing in the Wind - SMIM Merged All Patch SSE.esp
	[13]	ELFX - Exteriors.esp
	[14]	Blowing in the Wind - ELFX Exteriors Patch SSE.esp
	[15]	Vivid WeathersSE.esp
	[16]	EnhancedLightsandFX.esp
	[17]	Cutting Room Floor.esp
	[18]	CollegeOfWinterholdImmersive.esp
	[19]	LC_BuildYourNobleHouse.esp
	[20]	SkyTEST-RealisticAnimals&Predators.esp
	[21]	skyBirds_SSE.esp
	[22]	hearthfireextended.esp
	[23]	Immersive Encounters.esp
	[24]	Run For Your Lives.esp
	[25]	Immersive Patrols II.esp
	[FE:0]	CWICRFSEPatch.esp
	[26]	Apocalypse - Magic of Skyrim.esp
	[27]	Cathedral Weathers.esp
	[28]	DIVERSE SKYRIM.esp
	[29]	DiverseDragonsCollectionSE.esp
	[30]	Guards_Armor_Replacer.esp
	[31]	Realistic-Voice.esp
	[32]	LrsamwaysExpandedSkyrimWeaponry.esp
	[33]	RSChildren.esp
	[34]	Vivid Weathers - Extended Rain.esp
	[35]	Vivid Weathers SE - Extended Snow.esp
	[36]	Immersive Encounters - RS Children Patch.esp
	[37]	Alternate Start - Live Another Life.esp
	[38]	Relationship Dialogue Overhaul.esp
	[39]	RDO - CRF + USSEP Patch.esp
	[40]	Open Cities Skyrim.esp
	[41]	Immersive Encounters - Open Cities Patch.esp
	[42]	Blowing in the Wind - Open Cities Skyrim Patch SSE.esp
	[FE:1]	CWIOpenCitiesSEPatch.esp
	[43]	ELFX - Exteriors Open Cities Patch.esp
	[44]	ELFXEnhancer.esp
Saving menu open/close event registrations...
Saving key input event registrations...
Saving control input event registrations...
Saving mod callback event registrations...
Saving crosshair ref event registrations...
Saving camera event registrations...
Saving actor action event registrations...
Saving NiNode update event registrations...
Saving SKSEPersistentObjectStorage data...
Saving SKSEDelayFunctorManager data...
cleared save path
save name is Autosave1_0E53D2FF_1_416E6472656577_Tamriel_000501_20200613060325_3_1
full save path: C:\Users\andre\OneDrive\Documentos\My Games\Skyrim Special Edition\Saves\\Autosave1_0E53D2FF_1_416E6472656577_Tamriel_000501_20200613060325_3_1.skse
dispatch message (4) to plugin listeners
no listeners registered
creating co-save
Saving plugin list:
	[0]	Skyrim.esm
	[1]	Update.esm
	[2]	Dawnguard.esm
	[3]	HearthFires.esm
	[4]	Dragonborn.esm
	[5]	RSkyrimChildren.esm
	[6]	Unofficial Skyrim Special Edition Patch.esp
	[7]	SkyUI_SE.esp
	[8]	S3DTrees NextGenerationForests.esp
	[9]	Landscape Fixes For Grass Mods.esp
	[10]	Blowing in the Wind SSE.esp
	[11]	SMIM-SE-Merged-All.esp
	[12]	Blowing in the Wind - SMIM Merged All Patch SSE.esp
	[13]	ELFX - Exteriors.esp
	[14]	Blowing in the Wind - ELFX Exteriors Patch SSE.esp
	[15]	Vivid WeathersSE.esp
	[16]	EnhancedLightsandFX.esp
	[17]	Cutting Room Floor.esp
	[18]	CollegeOfWinterholdImmersive.esp
	[19]	LC_BuildYourNobleHouse.esp
	[20]	SkyTEST-RealisticAnimals&Predators.esp
	[21]	skyBirds_SSE.esp
	[22]	hearthfireextended.esp
	[23]	Immersive Encounters.esp
	[24]	Run For Your Lives.esp
	[25]	Immersive Patrols II.esp
	[FE:0]	CWICRFSEPatch.esp
	[26]	Apocalypse - Magic of Skyrim.esp
	[27]	Cathedral Weathers.esp
	[28]	DIVERSE SKYRIM.esp
	[29]	DiverseDragonsCollectionSE.esp
	[30]	Guards_Armor_Replacer.esp
	[31]	Realistic-Voice.esp
	[32]	LrsamwaysExpandedSkyrimWeaponry.esp
	[33]	RSChildren.esp
	[34]	Vivid Weathers - Extended Rain.esp
	[35]	Vivid Weathers SE - Extended Snow.esp
	[36]	Immersive Encounters - RS Children Patch.esp
	[37]	Alternate Start - Live Another Life.esp
	[38]	Relationship Dialogue Overhaul.esp
	[39]	RDO - CRF + USSEP Patch.esp
	[40]	Open Cities Skyrim.esp
	[41]	Immersive Encounters - Open Cities Patch.esp
	[42]	Blowing in the Wind - Open Cities Skyrim Patch SSE.esp
	[FE:1]	CWIOpenCitiesSEPatch.esp
	[43]	ELFX - Exteriors Open Cities Patch.esp
	[44]	ELFXEnhancer.esp
Saving menu open/close event registrations...
Saving key input event registrations...
Saving control input event registrations...
Saving mod callback event registrations...
Saving crosshair ref event registrations...
Saving camera event registrations...
Saving actor action event registrations...
Saving NiNode update event registrations...
Saving SKSEPersistentObjectStorage data...
Saving SKSEDelayFunctorManager data...
cleared save path
save name is Autosave2_0E53D2FF_1_416E6472656577_HighHrothgar_000502_20200613060410_3_1
full save path: C:\Users\andre\OneDrive\Documentos\My Games\Skyrim Special Edition\Saves\\Autosave2_0E53D2FF_1_416E6472656577_HighHrothgar_000502_20200613060410_3_1.skse
dispatch message (4) to plugin listeners
no listeners registered
creating co-save
Saving plugin list:
	[0]	Skyrim.esm
	[1]	Update.esm
	[2]	Dawnguard.esm
	[3]	HearthFires.esm
	[4]	Dragonborn.esm
	[5]	RSkyrimChildren.esm
	[6]	Unofficial Skyrim Special Edition Patch.esp
	[7]	SkyUI_SE.esp
	[8]	S3DTrees NextGenerationForests.esp
	[9]	Landscape Fixes For Grass Mods.esp
	[10]	Blowing in the Wind SSE.esp
	[11]	SMIM-SE-Merged-All.esp
	[12]	Blowing in the Wind - SMIM Merged All Patch SSE.esp
	[13]	ELFX - Exteriors.esp
	[14]	Blowing in the Wind - ELFX Exteriors Patch SSE.esp
	[15]	Vivid WeathersSE.esp
	[16]	EnhancedLightsandFX.esp
	[17]	Cutting Room Floor.esp
	[18]	CollegeOfWinterholdImmersive.esp
	[19]	LC_BuildYourNobleHouse.esp
	[20]	SkyTEST-RealisticAnimals&Predators.esp
	[21]	skyBirds_SSE.esp
	[22]	hearthfireextended.esp
	[23]	Immersive Encounters.esp
	[24]	Run For Your Lives.esp
	[25]	Immersive Patrols II.esp
	[FE:0]	CWICRFSEPatch.esp
	[26]	Apocalypse - Magic of Skyrim.esp
	[27]	Cathedral Weathers.esp
	[28]	DIVERSE SKYRIM.esp
	[29]	DiverseDragonsCollectionSE.esp
	[30]	Guards_Armor_Replacer.esp
	[31]	Realistic-Voice.esp
	[32]	LrsamwaysExpandedSkyrimWeaponry.esp
	[33]	RSChildren.esp
	[34]	Vivid Weathers - Extended Rain.esp
	[35]	Vivid Weathers SE - Extended Snow.esp
	[36]	Immersive Encounters - RS Children Patch.esp
	[37]	Alternate Start - Live Another Life.esp
	[38]	Relationship Dialogue Overhaul.esp
	[39]	RDO - CRF + USSEP Patch.esp
	[40]	Open Cities Skyrim.esp
	[41]	Immersive Encounters - Open Cities Patch.esp
	[42]	Blowing in the Wind - Open Cities Skyrim Patch SSE.esp
	[FE:1]	CWIOpenCitiesSEPatch.esp
	[43]	ELFX - Exteriors Open Cities Patch.esp
	[44]	ELFXEnhancer.esp
Saving menu open/close event registrations...
Saving key input event registrations...
Saving control input event registrations...
Saving mod callback event registrations...
Saving crosshair ref event registrations...
Saving camera event registrations...
Saving actor action event registrations...
Saving NiNode update event registrations...
Saving SKSEPersistentObjectStorage data...
Saving SKSEDelayFunctorManager data...
cleared save path
save name is Autosave3_0E53D2FF_1_416E6472656577_Tamriel_000502_20200613060417_3_1
full save path: C:\Users\andre\OneDrive\Documentos\My Games\Skyrim Special Edition\Saves\\Autosave3_0E53D2FF_1_416E6472656577_Tamriel_000502_20200613060417_3_1.skse
dispatch message (4) to plugin listeners
no listeners registered
creating co-save
Saving plugin list:
	[0]	Skyrim.esm
	[1]	Update.esm
	[2]	Dawnguard.esm
	[3]	HearthFires.esm
	[4]	Dragonborn.esm
	[5]	RSkyrimChildren.esm
	[6]	Unofficial Skyrim Special Edition Patch.esp
	[7]	SkyUI_SE.esp
	[8]	S3DTrees NextGenerationForests.esp
	[9]	Landscape Fixes For Grass Mods.esp
	[10]	Blowing in the Wind SSE.esp
	[11]	SMIM-SE-Merged-All.esp
	[12]	Blowing in the Wind - SMIM Merged All Patch SSE.esp
	[13]	ELFX - Exteriors.esp
	[14]	Blowing in the Wind - ELFX Exteriors Patch SSE.esp
	[15]	Vivid WeathersSE.esp
	[16]	EnhancedLightsandFX.esp
	[17]	Cutting Room Floor.esp
	[18]	CollegeOfWinterholdImmersive.esp
	[19]	LC_BuildYourNobleHouse.esp
	[20]	SkyTEST-RealisticAnimals&Predators.esp
	[21]	skyBirds_SSE.esp
	[22]	hearthfireextended.esp
	[23]	Immersive Encounters.esp
	[24]	Run For Your Lives.esp
	[25]	Immersive Patrols II.esp
	[FE:0]	CWICRFSEPatch.esp
	[26]	Apocalypse - Magic of Skyrim.esp
	[27]	Cathedral Weathers.esp
	[28]	DIVERSE SKYRIM.esp
	[29]	DiverseDragonsCollectionSE.esp
	[30]	Guards_Armor_Replacer.esp
	[31]	Realistic-Voice.esp
	[32]	LrsamwaysExpandedSkyrimWeaponry.esp
	[33]	RSChildren.esp
	[34]	Vivid Weathers - Extended Rain.esp
	[35]	Vivid Weathers SE - Extended Snow.esp
	[36]	Immersive Encounters - RS Children Patch.esp
	[37]	Alternate Start - Live Another Life.esp
	[38]	Relationship Dialogue Overhaul.esp
	[39]	RDO - CRF + USSEP Patch.esp
	[40]	Open Cities Skyrim.esp
	[41]	Immersive Encounters - Open Cities Patch.esp
	[42]	Blowing in the Wind - Open Cities Skyrim Patch SSE.esp
	[FE:1]	CWIOpenCitiesSEPatch.esp
	[43]	ELFX - Exteriors Open Cities Patch.esp
	[44]	ELFXEnhancer.esp
Saving menu open/close event registrations...
Saving key input event registrations...
Saving control input event registrations...
Saving mod callback event registrations...
Saving crosshair ref event registrations...
Saving camera event registrations...
Saving actor action event registrations...
Saving NiNode update event registrations...
Saving SKSEPersistentObjectStorage data...
Saving SKSEDelayFunctorManager data...
cleared save path
save name is Autosave1_0E53D2FF_1_416E6472656577_HighHrothgar_000514_20200613061628_3_1
full save path: C:\Users\andre\OneDrive\Documentos\My Games\Skyrim Special Edition\Saves\\Autosave1_0E53D2FF_1_416E6472656577_HighHrothgar_000514_20200613061628_3_1.skse
dispatch message (4) to plugin listeners
no listeners registered
creating co-save
Saving plugin list:
	[0]	Skyrim.esm
	[1]	Update.esm
	[2]	Dawnguard.esm
	[3]	HearthFires.esm
	[4]	Dragonborn.esm
	[5]	RSkyrimChildren.esm
	[6]	Unofficial Skyrim Special Edition Patch.esp
	[7]	SkyUI_SE.esp
	[8]	S3DTrees NextGenerationForests.esp
	[9]	Landscape Fixes For Grass Mods.esp
	[10]	Blowing in the Wind SSE.esp
	[11]	SMIM-SE-Merged-All.esp
	[12]	Blowing in the Wind - SMIM Merged All Patch SSE.esp
	[13]	ELFX - Exteriors.esp
	[14]	Blowing in the Wind - ELFX Exteriors Patch SSE.esp
	[15]	Vivid WeathersSE.esp
	[16]	EnhancedLightsandFX.esp
	[17]	Cutting Room Floor.esp
	[18]	CollegeOfWinterholdImmersive.esp
	[19]	LC_BuildYourNobleHouse.esp
	[20]	SkyTEST-RealisticAnimals&Predators.esp
	[21]	skyBirds_SSE.esp
	[22]	hearthfireextended.esp
	[23]	Immersive Encounters.esp
	[24]	Run For Your Lives.esp
	[25]	Immersive Patrols II.esp
	[FE:0]	CWICRFSEPatch.esp
	[26]	Apocalypse - Magic of Skyrim.esp
	[27]	Cathedral Weathers.esp
	[28]	DIVERSE SKYRIM.esp
	[29]	DiverseDragonsCollectionSE.esp
	[30]	Guards_Armor_Replacer.esp
	[31]	Realistic-Voice.esp
	[32]	LrsamwaysExpandedSkyrimWeaponry.esp
	[33]	RSChildren.esp
	[34]	Vivid Weathers - Extended Rain.esp
	[35]	Vivid Weathers SE - Extended Snow.esp
	[36]	Immersive Encounters - RS Children Patch.esp
	[37]	Alternate Start - Live Another Life.esp
	[38]	Relationship Dialogue Overhaul.esp
	[39]	RDO - CRF + USSEP Patch.esp
	[40]	Open Cities Skyrim.esp
	[41]	Immersive Encounters - Open Cities Patch.esp
	[42]	Blowing in the Wind - Open Cities Skyrim Patch SSE.esp
	[FE:1]	CWIOpenCitiesSEPatch.esp
	[43]	ELFX - Exteriors Open Cities Patch.esp
	[44]	ELFXEnhancer.esp
Saving menu open/close event registrations...
Saving key input event registrations...
Saving control input event registrations...
Saving mod callback event registrations...
Saving crosshair ref event registrations...
Saving camera event registrations...
Saving actor action event registrations...
Saving NiNode update event registrations...
Saving SKSEPersistentObjectStorage data...
Saving SKSEDelayFunctorManager data...
cleared save path
save name is Autosave2_0E53D2FF_1_416E6472656577_Tamriel_000514_20200613061650_3_1
full save path: C:\Users\andre\OneDrive\Documentos\My Games\Skyrim Special Edition\Saves\\Autosave2_0E53D2FF_1_416E6472656577_Tamriel_000514_20200613061650_3_1.skse
dispatch message (4) to plugin listeners
no listeners registered
creating co-save
Saving plugin list:
	[0]	Skyrim.esm
	[1]	Update.esm
	[2]	Dawnguard.esm
	[3]	HearthFires.esm
	[4]	Dragonborn.esm
	[5]	RSkyrimChildren.esm
	[6]	Unofficial Skyrim Special Edition Patch.esp
	[7]	SkyUI_SE.esp
	[8]	S3DTrees NextGenerationForests.esp
	[9]	Landscape Fixes For Grass Mods.esp
	[10]	Blowing in the Wind SSE.esp
	[11]	SMIM-SE-Merged-All.esp
	[12]	Blowing in the Wind - SMIM Merged All Patch SSE.esp
	[13]	ELFX - Exteriors.esp
	[14]	Blowing in the Wind - ELFX Exteriors Patch SSE.esp
	[15]	Vivid WeathersSE.esp
	[16]	EnhancedLightsandFX.esp
	[17]	Cutting Room Floor.esp
	[18]	CollegeOfWinterholdImmersive.esp
	[19]	LC_BuildYourNobleHouse.esp
	[20]	SkyTEST-RealisticAnimals&Predators.esp
	[21]	skyBirds_SSE.esp
	[22]	hearthfireextended.esp
	[23]	Immersive Encounters.esp
	[24]	Run For Your Lives.esp
	[25]	Immersive Patrols II.esp
	[FE:0]	CWICRFSEPatch.esp
	[26]	Apocalypse - Magic of Skyrim.esp
	[27]	Cathedral Weathers.esp
	[28]	DIVERSE SKYRIM.esp
	[29]	DiverseDragonsCollectionSE.esp
	[30]	Guards_Armor_Replacer.esp
	[31]	Realistic-Voice.esp
	[32]	LrsamwaysExpandedSkyrimWeaponry.esp
	[33]	RSChildren.esp
	[34]	Vivid Weathers - Extended Rain.esp
	[35]	Vivid Weathers SE - Extended Snow.esp
	[36]	Immersive Encounters - RS Children Patch.esp
	[37]	Alternate Start - Live Another Life.esp
	[38]	Relationship Dialogue Overhaul.esp
	[39]	RDO - CRF + USSEP Patch.esp
	[40]	Open Cities Skyrim.esp
	[41]	Immersive Encounters - Open Cities Patch.esp
	[42]	Blowing in the Wind - Open Cities Skyrim Patch SSE.esp
	[FE:1]	CWIOpenCitiesSEPatch.esp
	[43]	ELFX - Exteriors Open Cities Patch.esp
	[44]	ELFXEnhancer.esp
Saving menu open/close event registrations...
Saving key input event registrations...
Saving control input event registrations...
Saving mod callback event registrations...
Saving crosshair ref event registrations...
Saving camera event registrations...
Saving actor action event registrations...
Saving NiNode update event registrations...
Saving SKSEPersistentObjectStorage data...
Saving SKSEDelayFunctorManager data...
cleared save path
save name is Quicksave0_0E53D2FF_1_416E6472656577_Tamriel_000515_20200613061728_3_1
full save path: C:\Users\andre\OneDrive\Documentos\My Games\Skyrim Special Edition\Saves\\Quicksave0_0E53D2FF_1_416E6472656577_Tamriel_000515_20200613061728_3_1.skse
dispatch message (4) to plugin listeners
no listeners registered
creating co-save
Saving plugin list:
	[0]	Skyrim.esm
	[1]	Update.esm
	[2]	Dawnguard.esm
	[3]	HearthFires.esm
	[4]	Dragonborn.esm
	[5]	RSkyrimChildren.esm
	[6]	Unofficial Skyrim Special Edition Patch.esp
	[7]	SkyUI_SE.esp
	[8]	S3DTrees NextGenerationForests.esp
	[9]	Landscape Fixes For Grass Mods.esp
	[10]	Blowing in the Wind SSE.esp
	[11]	SMIM-SE-Merged-All.esp
	[12]	Blowing in the Wind - SMIM Merged All Patch SSE.esp
	[13]	ELFX - Exteriors.esp
	[14]	Blowing in the Wind - ELFX Exteriors Patch SSE.esp
	[15]	Vivid WeathersSE.esp
	[16]	EnhancedLightsandFX.esp
	[17]	Cutting Room Floor.esp
	[18]	CollegeOfWinterholdImmersive.esp
	[19]	LC_BuildYourNobleHouse.esp
	[20]	SkyTEST-RealisticAnimals&Predators.esp
	[21]	skyBirds_SSE.esp
	[22]	hearthfireextended.esp
	[23]	Immersive Encounters.esp
	[24]	Run For Your Lives.esp
	[25]	Immersive Patrols II.esp
	[FE:0]	CWICRFSEPatch.esp
	[26]	Apocalypse - Magic of Skyrim.esp
	[27]	Cathedral Weathers.esp
	[28]	DIVERSE SKYRIM.esp
	[29]	DiverseDragonsCollectionSE.esp
	[30]	Guards_Armor_Replacer.esp
	[31]	Realistic-Voice.esp
	[32]	LrsamwaysExpandedSkyrimWeaponry.esp
	[33]	RSChildren.esp
	[34]	Vivid Weathers - Extended Rain.esp
	[35]	Vivid Weathers SE - Extended Snow.esp
	[36]	Immersive Encounters - RS Children Patch.esp
	[37]	Alternate Start - Live Another Life.esp
	[38]	Relationship Dialogue Overhaul.esp
	[39]	RDO - CRF + USSEP Patch.esp
	[40]	Open Cities Skyrim.esp
	[41]	Immersive Encounters - Open Cities Patch.esp
	[42]	Blowing in the Wind - Open Cities Skyrim Patch SSE.esp
	[FE:1]	CWIOpenCitiesSEPatch.esp
	[43]	ELFX - Exteriors Open Cities Patch.esp
	[44]	ELFXEnhancer.esp
Saving menu open/close event registrations...
Saving key input event registrations...
Saving control input event registrations...
Saving mod callback event registrations...
Saving crosshair ref event registrations...
Saving camera event registrations...
Saving actor action event registrations...
Saving NiNode update event registrations...
Saving SKSEPersistentObjectStorage data...
Saving SKSEDelayFunctorManager data...
cleared save path
save name is Autosave3_0E53D2FF_1_416E6472656577_Tamriel_000515_20200613061741_3_1
full save path: C:\Users\andre\OneDrive\Documentos\My Games\Skyrim Special Edition\Saves\\Autosave3_0E53D2FF_1_416E6472656577_Tamriel_000515_20200613061741_3_1.skse
dispatch message (4) to plugin listeners
no listeners registered
creating co-save
Saving plugin list:
	[0]	Skyrim.esm
	[1]	Update.esm
	[2]	Dawnguard.esm
	[3]	HearthFires.esm
	[4]	Dragonborn.esm
	[5]	RSkyrimChildren.esm
	[6]	Unofficial Skyrim Special Edition Patch.esp
	[7]	SkyUI_SE.esp
	[8]	S3DTrees NextGenerationForests.esp
	[9]	Landscape Fixes For Grass Mods.esp
	[10]	Blowing in the Wind SSE.esp
	[11]	SMIM-SE-Merged-All.esp
	[12]	Blowing in the Wind - SMIM Merged All Patch SSE.esp
	[13]	ELFX - Exteriors.esp
	[14]	Blowing in the Wind - ELFX Exteriors Patch SSE.esp
	[15]	Vivid WeathersSE.esp
	[16]	EnhancedLightsandFX.esp
	[17]	Cutting Room Floor.esp
	[18]	CollegeOfWinterholdImmersive.esp
	[19]	LC_BuildYourNobleHouse.esp
	[20]	SkyTEST-RealisticAnimals&Predators.esp
	[21]	skyBirds_SSE.esp
	[22]	hearthfireextended.esp
	[23]	Immersive Encounters.esp
	[24]	Run For Your Lives.esp
	[25]	Immersive Patrols II.esp
	[FE:0]	CWICRFSEPatch.esp
	[26]	Apocalypse - Magic of Skyrim.esp
	[27]	Cathedral Weathers.esp
	[28]	DIVERSE SKYRIM.esp
	[29]	DiverseDragonsCollectionSE.esp
	[30]	Guards_Armor_Replacer.esp
	[31]	Realistic-Voice.esp
	[32]	LrsamwaysExpandedSkyrimWeaponry.esp
	[33]	RSChildren.esp
	[34]	Vivid Weathers - Extended Rain.esp
	[35]	Vivid Weathers SE - Extended Snow.esp
	[36]	Immersive Encounters - RS Children Patch.esp
	[37]	Alternate Start - Live Another Life.esp
	[38]	Relationship Dialogue Overhaul.esp
	[39]	RDO - CRF + USSEP Patch.esp
	[40]	Open Cities Skyrim.esp
	[41]	Immersive Encounters - Open Cities Patch.esp
	[42]	Blowing in the Wind - Open Cities Skyrim Patch SSE.esp
	[FE:1]	CWIOpenCitiesSEPatch.esp
	[43]	ELFX - Exteriors Open Cities Patch.esp
	[44]	ELFXEnhancer.esp
Saving menu open/close event registrations...
Saving key input event registrations...
Saving control input event registrations...
Saving mod callback event registrations...
Saving crosshair ref event registrations...
Saving camera event registrations...
Saving actor action event registrations...
Saving NiNode update event registrations...
Saving SKSEPersistentObjectStorage data...
Saving SKSEDelayFunctorManager data...
cleared save path
save name is Quicksave0_0E53D2FF_1_416E6472656577_Tamriel_000524_20200613062630_3_1
full save path: C:\Users\andre\OneDrive\Documentos\My Games\Skyrim Special Edition\Saves\\Quicksave0_0E53D2FF_1_416E6472656577_Tamriel_000524_20200613062630_3_1.skse
dispatch message (4) to plugin listeners
no listeners registered
creating co-save
Saving plugin list:
	[0]	Skyrim.esm
	[1]	Update.esm
	[2]	Dawnguard.esm
	[3]	HearthFires.esm
	[4]	Dragonborn.esm
	[5]	RSkyrimChildren.esm
	[6]	Unofficial Skyrim Special Edition Patch.esp
	[7]	SkyUI_SE.esp
	[8]	S3DTrees NextGenerationForests.esp
	[9]	Landscape Fixes For Grass Mods.esp
	[10]	Blowing in the Wind SSE.esp
	[11]	SMIM-SE-Merged-All.esp
	[12]	Blowing in the Wind - SMIM Merged All Patch SSE.esp
	[13]	ELFX - Exteriors.esp
	[14]	Blowing in the Wind - ELFX Exteriors Patch SSE.esp
	[15]	Vivid WeathersSE.esp
	[16]	EnhancedLightsandFX.esp
	[17]	Cutting Room Floor.esp
	[18]	CollegeOfWinterholdImmersive.esp
	[19]	LC_BuildYourNobleHouse.esp
	[20]	SkyTEST-RealisticAnimals&Predators.esp
	[21]	skyBirds_SSE.esp
	[22]	hearthfireextended.esp
	[23]	Immersive Encounters.esp
	[24]	Run For Your Lives.esp
	[25]	Immersive Patrols II.esp
	[FE:0]	CWICRFSEPatch.esp
	[26]	Apocalypse - Magic of Skyrim.esp
	[27]	Cathedral Weathers.esp
	[28]	DIVERSE SKYRIM.esp
	[29]	DiverseDragonsCollectionSE.esp
	[30]	Guards_Armor_Replacer.esp
	[31]	Realistic-Voice.esp
	[32]	LrsamwaysExpandedSkyrimWeaponry.esp
	[33]	RSChildren.esp
	[34]	Vivid Weathers - Extended Rain.esp
	[35]	Vivid Weathers SE - Extended Snow.esp
	[36]	Immersive Encounters - RS Children Patch.esp
	[37]	Alternate Start - Live Another Life.esp
	[38]	Relationship Dialogue Overhaul.esp
	[39]	RDO - CRF + USSEP Patch.esp
	[40]	Open Cities Skyrim.esp
	[41]	Immersive Encounters - Open Cities Patch.esp
	[42]	Blowing in the Wind - Open Cities Skyrim Patch SSE.esp
	[FE:1]	CWIOpenCitiesSEPatch.esp
	[43]	ELFX - Exteriors Open Cities Patch.esp
	[44]	ELFXEnhancer.esp
Saving menu open/close event registrations...
Saving key input event registrations...
Saving control input event registrations...
Saving mod callback event registrations...
Saving crosshair ref event registrations...
Saving camera event registrations...
Saving actor action event registrations...
Saving NiNode update event registrations...
Saving SKSEPersistentObjectStorage data...
Saving SKSEDelayFunctorManager data...
cleared save path
